<?xml version="1.0" encoding="UTF-8"?>
<testng-results skipped="0" failed="0" total="1" passed="1">
  <reporter-output>
  </reporter-output>
  <suite name="Suite" duration-ms="25388" started-at="2024-02-20T13:20:07Z" finished-at="2024-02-20T13:20:33Z">
    <groups>
    </groups>
    <test name="Test" duration-ms="25388" started-at="2024-02-20T13:20:07Z" finished-at="2024-02-20T13:20:33Z">
      <class name="com.MyFrame.Testcases.TC_Loginpage_001">
        <test-method status="PASS" signature="setup(java.lang.String)[pri:0, instance:com.MyFrame.Testcases.TC_Loginpage_001@2344fc66]" name="setup" is-config="true" duration-ms="21070" started-at="2024-02-20T18:50:07Z" finished-at="2024-02-20T18:50:28Z">
          <params>
            <param index="0">
              <value>
                <![CDATA[chrome]]>
              </value>
            </param>
          </params>
          <reporter-output>
          </reporter-output>
        </test-method> <!-- setup -->
        <test-method status="PASS" signature="loginTest()[pri:0, instance:com.MyFrame.Testcases.TC_Loginpage_001@2344fc66]" name="loginTest" duration-ms="4274" started-at="2024-02-20T18:50:28Z" finished-at="2024-02-20T18:50:33Z">
          <reporter-output>
          </reporter-output>
        </test-method> <!-- loginTest -->
        <test-method status="PASS" signature="tesrdown()[pri:0, instance:com.MyFrame.Testcases.TC_Loginpage_001@2344fc66]" name="tesrdown" is-config="true" duration-ms="0" started-at="2024-02-20T18:50:33Z" finished-at="2024-02-20T18:50:33Z">
          <reporter-output>
          </reporter-output>
        </test-method> <!-- tesrdown -->
      </class> <!-- com.MyFrame.Testcases.TC_Loginpage_001 -->
    </test> <!-- Test -->
  </suite> <!-- Suite -->
</testng-results>
